[2025-12-12 09:02:19] ERROR - DB error saat getByUsername: null
[2025-12-12 09:06:40] ERROR - DB error saat getByUsername: null
[2025-12-12 09:08:24] ERROR - DB error saat getByUsername: null
[2025-12-12 09:08:40] ERROR - DB error saat getByUsername: null
[2025-12-12 09:09:32] ERROR - Gagal update token untuk user ID 5: Lock wait timeout exceeded; try restarting transaction
[2025-12-12 09:10:42] ERROR - DB error saat getByUsername: null
[2025-12-12 09:10:55] ERROR - DB error saat getByUsername: null
[2025-12-13 09:20:12] ERROR - DB Error saat getProfile
[2025-12-13 09:24:12] ERROR - DB Error saat getProfile
[2025-12-13 10:57:35] ERROR - Get my orders buyer error
[2025-12-13 12:02:18] ERROR - Get my orders buyer error
[2025-12-13 12:02:18] ERROR - Get my orders buyer error
[2025-12-13 12:24:06] ERROR - Get my orders buyer error
[2025-12-13 12:24:12] ERROR - Get my orders buyer error
[2025-12-13 12:25:32] ERROR - Get my orders buyer error
[2025-12-13 12:51:15] ERROR - Get my orders buyer error
[2025-12-13 13:07:46] ERROR - Get my orders buyer error
[2025-12-13 13:07:56] ERROR - Get my orders buyer error
[2025-12-13 13:08:08] ERROR - Get my orders buyer error
[2025-12-13 13:08:08] ERROR - Get my orders buyer error
[2025-12-13 13:08:08] ERROR - Get my orders buyer error
[2025-12-13 13:08:08] ERROR - Get my orders buyer error
[2025-12-13 13:08:09] ERROR - Get my orders buyer error
[2025-12-13 13:08:09] ERROR - Get my orders buyer error
[2025-12-13 13:08:09] ERROR - Get my orders buyer error
[2025-12-13 13:10:02] ERROR - Get my orders buyer error
[2025-12-13 13:10:02] ERROR - Get my orders buyer error
[2025-12-13 13:10:02] ERROR - Get my orders buyer error
[2025-12-13 13:10:13] ERROR - Get my orders buyer error
[2025-12-13 13:10:16] ERROR - Get my orders buyer error
[2025-12-13 13:10:17] ERROR - Get my orders buyer error
[2025-12-13 13:10:17] ERROR - Get my orders buyer error
[2025-12-13 13:12:07] ERROR - Get my orders buyer error
[2025-12-13 13:12:07] ERROR - Get my orders buyer error
[2025-12-13 13:12:07] ERROR - Get my orders buyer error
[2025-12-13 13:12:07] ERROR - Get my orders buyer error
[2025-12-13 13:12:08] ERROR - Get my orders buyer error
[2025-12-13 13:12:08] ERROR - Get my orders buyer error
[2025-12-13 13:12:23] ERROR - Get my orders buyer error
[2025-12-13 13:12:24] ERROR - Get my orders buyer error
[2025-12-13 13:12:24] ERROR - Get my orders buyer error
[2025-12-13 13:12:24] ERROR - Get my orders buyer error
[2025-12-13 13:43:11] ERROR - Get my orders buyer error
[2025-12-17 09:17:38] ERROR - Get my orders creator error
[2025-12-17 12:29:21] ERROR - Login error
[2025-12-17 12:37:29] ERROR - Login error
[2025-12-17 15:24:50] ERROR - DB Error saat updateProfile
[2025-12-23 11:22:36] ERROR - request_id=2a3a7f53-62d6-4485-b3a4-2bad9db19c32 action=uploadArtwork status=error error=Data truncated for column 'status' at row 1
[2025-12-23 11:22:41] ERROR - request_id=85294209-5f9d-4ded-ab16-089a38c87476 action=uploadArtwork status=error error=Data truncated for column 'status' at row 1
[2025-12-23 13:32:22] ERROR - request_id=e1d3143c-a40b-4de6-aaa5-a8b03409b9d6 action=createOrder status=error error=Field 'total_paid' doesn't have a default value
[2025-12-23 13:32:35] ERROR - request_id=180c19c1-38e8-46f9-a8b1-52bbc1b212b3 action=createOrder status=error error=Field 'total_paid' doesn't have a default value
[2025-12-23 13:32:46] ERROR - request_id=cfa03c60-23d3-4e05-8244-187e9dca7afa action=createOrder status=error error=Field 'total_paid' doesn't have a default value
[2025-12-23 13:36:21] ERROR - request_id=e94b9665-9137-4c70-8bae-cdb91c06a086 action=createOrder status=error error=Field 'note' doesn't have a default value
[2025-12-23 13:37:10] ERROR - request_id=b8ced813-a1d0-4582-8bec-a8766cbdf069 action=createOrder status=error error=Field 'note' doesn't have a default value
